2025-03-21 17:33:48,843 - infer_seg_coco.py - INFO: raw_seg_score:
2025-03-21 17:33:48,847 - infer_seg_coco.py - INFO:
+-----------------+-----------+-----------+--------+-------+
|      Class      | confusion | precision | recall |  iou  |
+=================+===========+===========+========+=======+
| _background_    | 0.104     | 0.906     | 0.822  | 0.757 |
+-----------------+-----------+-----------+--------+-------+
| person          | 0.546     | 0.647     | 0.715  | 0.514 |
+-----------------+-----------+-----------+--------+-------+
| bicycle         | 0.771     | 0.565     | 0.587  | 0.404 |
+-----------------+-----------+-----------+--------+-------+
| car             | 1.806     | 0.356     | 0.770  | 0.322 |
+-----------------+-----------+-----------+--------+-------+
| motorcycle      | 0.244     | 0.804     | 0.767  | 0.646 |
+-----------------+-----------+-----------+--------+-------+
| airplane        | 0.318     | 0.759     | 0.882  | 0.689 |
+-----------------+-----------+-----------+--------+-------+
| bus             | 0.140     | 0.877     | 0.564  | 0.522 |
+-----------------+-----------+-----------+--------+-------+
| train           | 0.359     | 0.736     | 0.732  | 0.580 |
+-----------------+-----------+-----------+--------+-------+
| truck           | 0.560     | 0.641     | 0.525  | 0.406 |
+-----------------+-----------+-----------+--------+-------+
| boat            | 0.659     | 0.603     | 0.743  | 0.499 |
+-----------------+-----------+-----------+--------+-------+
| traffic light   | 2.008     | 0.332     | 0.714  | 0.293 |
+-----------------+-----------+-----------+--------+-------+
| fire hydrant    | 0.421     | 0.704     | 0.883  | 0.644 |
+-----------------+-----------+-----------+--------+-------+
| stop sign       | 0.328     | 0.753     | 0.938  | 0.718 |
+-----------------+-----------+-----------+--------+-------+
| parking meter   | 0.598     | 0.626     | 0.848  | 0.563 |
+-----------------+-----------+-----------+--------+-------+
| bench           | 1.266     | 0.441     | 0.673  | 0.363 |
+-----------------+-----------+-----------+--------+-------+
| bird            | 0.483     | 0.674     | 0.790  | 0.572 |
+-----------------+-----------+-----------+--------+-------+
| cat             | 0.246     | 0.802     | 0.913  | 0.746 |
+-----------------+-----------+-----------+--------+-------+
| dog             | 0.154     | 0.866     | 0.786  | 0.701 |
+-----------------+-----------+-----------+--------+-------+
| horse           | 0.224     | 0.817     | 0.762  | 0.651 |
+-----------------+-----------+-----------+--------+-------+
| sheep           | 0.236     | 0.809     | 0.883  | 0.731 |
+-----------------+-----------+-----------+--------+-------+
| cow             | 0.192     | 0.839     | 0.770  | 0.670 |
+-----------------+-----------+-----------+--------+-------+
| elephant        | 0.056     | 0.947     | 0.795  | 0.761 |
+-----------------+-----------+-----------+--------+-------+
| bear            | 0.060     | 0.943     | 0.837  | 0.797 |
+-----------------+-----------+-----------+--------+-------+
| zebra           | 0.042     | 0.960     | 0.754  | 0.731 |
+-----------------+-----------+-----------+--------+-------+
| giraffe         | 0.046     | 0.956     | 0.708  | 0.686 |
+-----------------+-----------+-----------+--------+-------+
| backpack        | 12.804    | 0.072     | 0.346  | 0.064 |
+-----------------+-----------+-----------+--------+-------+
| umbrella        | 0.207     | 0.829     | 0.817  | 0.699 |
+-----------------+-----------+-----------+--------+-------+
| handbag         | 46.628    | 0.021     | 0.101  | 0.018 |
+-----------------+-----------+-----------+--------+-------+
| tie             | 2.449     | 0.290     | 0.614  | 0.245 |
+-----------------+-----------+-----------+--------+-------+
| suitcase        | 0.308     | 0.764     | 0.609  | 0.512 |
+-----------------+-----------+-----------+--------+-------+
| frisbee         | 1.686     | 0.372     | 0.786  | 0.338 |
+-----------------+-----------+-----------+--------+-------+
| skis            | 8.897     | 0.101     | 0.303  | 0.082 |
+-----------------+-----------+-----------+--------+-------+
| snowboard       | 2.904     | 0.256     | 0.326  | 0.168 |
+-----------------+-----------+-----------+--------+-------+
| sports ball     | 4.039     | 0.198     | 0.620  | 0.177 |
+-----------------+-----------+-----------+--------+-------+
| kite            | 0.567     | 0.638     | 0.560  | 0.425 |
+-----------------+-----------+-----------+--------+-------+
| baseball bat    | 8.395     | 0.106     | 0.330  | 0.087 |
+-----------------+-----------+-----------+--------+-------+
| baseball glove  | 16.949    | 0.056     | 0.543  | 0.053 |
+-----------------+-----------+-----------+--------+-------+
| skateboard      | 7.229     | 0.122     | 0.647  | 0.114 |
+-----------------+-----------+-----------+--------+-------+
| surfboard       | 6.198     | 0.139     | 0.738  | 0.132 |
+-----------------+-----------+-----------+--------+-------+
| tennis racket   | 26.320    | 0.037     | 0.580  | 0.036 |
+-----------------+-----------+-----------+--------+-------+
| bottle          | 1.611     | 0.383     | 0.398  | 0.243 |
+-----------------+-----------+-----------+--------+-------+
| wine glass      | 0.761     | 0.568     | 0.448  | 0.334 |
+-----------------+-----------+-----------+--------+-------+
| cup             | 1.601     | 0.385     | 0.440  | 0.258 |
+-----------------+-----------+-----------+--------+-------+
| fork            | 10.422    | 0.088     | 0.155  | 0.059 |
+-----------------+-----------+-----------+--------+-------+
| knife           | 8.719     | 0.103     | 0.460  | 0.092 |
+-----------------+-----------+-----------+--------+-------+
| spoon           | 8.117     | 0.110     | 0.213  | 0.078 |
+-----------------+-----------+-----------+--------+-------+
| bowl            | 1.547     | 0.393     | 0.370  | 0.235 |
+-----------------+-----------+-----------+--------+-------+
| banana          | 0.176     | 0.851     | 0.878  | 0.761 |
+-----------------+-----------+-----------+--------+-------+
| apple           | 0.633     | 0.612     | 0.867  | 0.560 |
+-----------------+-----------+-----------+--------+-------+
| sandwich        | 0.966     | 0.509     | 0.756  | 0.437 |
+-----------------+-----------+-----------+--------+-------+
| orange          | 0.292     | 0.774     | 0.867  | 0.692 |
+-----------------+-----------+-----------+--------+-------+
| broccoli        | 0.365     | 0.732     | 0.753  | 0.590 |
+-----------------+-----------+-----------+--------+-------+
| carrot          | 0.635     | 0.611     | 0.746  | 0.506 |
+-----------------+-----------+-----------+--------+-------+
| hot dog         | 0.440     | 0.695     | 0.835  | 0.611 |
+-----------------+-----------+-----------+--------+-------+
| pizza           | 0.563     | 0.640     | 0.949  | 0.618 |
+-----------------+-----------+-----------+--------+-------+
| donut           | 0.326     | 0.754     | 0.819  | 0.647 |
+-----------------+-----------+-----------+--------+-------+
| cake            | 1.107     | 0.475     | 0.684  | 0.389 |
+-----------------+-----------+-----------+--------+-------+
| chair           | 2.485     | 0.287     | 0.412  | 0.203 |
+-----------------+-----------+-----------+--------+-------+
| couch           | 1.449     | 0.408     | 0.713  | 0.351 |
+-----------------+-----------+-----------+--------+-------+
| potted plant    | 0.972     | 0.507     | 0.377  | 0.276 |
+-----------------+-----------+-----------+--------+-------+
| bed             | 0.324     | 0.756     | 0.675  | 0.554 |
+-----------------+-----------+-----------+--------+-------+
| dining table    | 0.863     | 0.537     | 0.435  | 0.316 |
+-----------------+-----------+-----------+--------+-------+
| toilet          | 0.305     | 0.766     | 0.824  | 0.658 |
+-----------------+-----------+-----------+--------+-------+
| tv              | 0.704     | 0.587     | 0.683  | 0.461 |
+-----------------+-----------+-----------+--------+-------+
| laptop          | 0.391     | 0.719     | 0.736  | 0.572 |
+-----------------+-----------+-----------+--------+-------+
| mouse           | 12.348    | 0.075     | 0.696  | 0.073 |
+-----------------+-----------+-----------+--------+-------+
| remote          | 0.837     | 0.545     | 0.800  | 0.479 |
+-----------------+-----------+-----------+--------+-------+
| keyboard        | 0.252     | 0.798     | 0.558  | 0.489 |
+-----------------+-----------+-----------+--------+-------+
| cell phone      | 0.843     | 0.543     | 0.706  | 0.443 |
+-----------------+-----------+-----------+--------+-------+
| microwave       | 0.356     | 0.738     | 0.582  | 0.482 |
+-----------------+-----------+-----------+--------+-------+
| oven            | 1.796     | 0.358     | 0.578  | 0.284 |
+-----------------+-----------+-----------+--------+-------+
| toaster         | 2.269     | 0.306     | 0.024  | 0.022 |
+-----------------+-----------+-----------+--------+-------+
| sink            | 4.998     | 0.167     | 0.628  | 0.152 |
+-----------------+-----------+-----------+--------+-------+
| refrigerator    | 0.828     | 0.547     | 0.729  | 0.454 |
+-----------------+-----------+-----------+--------+-------+
| book            | 1.192     | 0.456     | 0.526  | 0.323 |
+-----------------+-----------+-----------+--------+-------+
| clock           | 0.758     | 0.569     | 0.722  | 0.467 |
+-----------------+-----------+-----------+--------+-------+
| vase            | 1.599     | 0.385     | 0.724  | 0.336 |
+-----------------+-----------+-----------+--------+-------+
| scissors        | 0.633     | 0.612     | 0.676  | 0.473 |
+-----------------+-----------+-----------+--------+-------+
| teddy bear      | 0.181     | 0.847     | 0.812  | 0.708 |
+-----------------+-----------+-----------+--------+-------+
| hair drier      | 0.711     | 0.584     | 0.411  | 0.318 |
+-----------------+-----------+-----------+--------+-------+
| toothbrush      | 1.626     | 0.381     | 0.652  | 0.316 |
+-----------------+-----------+-----------+--------+-------+
| average_metrics | 2.894     | 0.537     | 0.647  | 0.425 |
+-----------------+-----------+-----------+--------+-------+
