2025-03-04 08:41:13,119 - train_voc_loss.py - INFO: Pytorch version: 1.12.1+cu116
2025-03-04 08:41:13,156 - train_voc_loss.py - INFO: GPU type: NVIDIA GeForce RTX 4090 D
2025-03-04 08:41:13,156 - train_voc_loss.py - INFO: 
args: Namespace(w_ptc=0.3, w_lil=0.5, w_lig=0.5, w_seg=0.12, w_reg=0.05, max_iters=20000, log_iters=200, eval_iters=2000, warmup_iters=1500, update_prototype=600, cam2mask=10000, backbone='vit_base_patch16_224', high_thre=0.7, low_thre=0.25, bkg_thre=0.5, tag_threshold=0.2, cam_scales=(1.0, 0.5, 0.75, 1.5), ignore_index=255, pooling='gmp', proto_m=0.9, temp_lil=0.08, base_temp_lil=0.08, temp_lig=0.1, base_temp_lig=0.1, momentum=0.999, ctc_dim=768, moco_queue=4608, aux_layer=-3, pretrained=True, save_ckpt=True, seed=0, work_dir='w_outputs\\2025-03\\train_voc_04-08-41-13', log_tag='train_voc', data_folder='D:/HJQ/SeCo-master/SeCo-master/datasets/voc/VOCdevkit2012/VOC2012', list_folder='D:/HJQ/SeCo-master/SeCo-master/datasets/voc', num_classes=21, crop_size=448, local_crop_size=64, ncrops=12, train_set='train_aug', val_set='val', spg=4, scales=(0.5, 2), optimizer='PolyWarmupAdamW', lr=6e-05, warmup_lr=1e-06, wt_decay=0.01, betas=(0.9, 0.999), power=0.9, local_rank=0, num_workers=1, backend='gloo', ckpt_dir='w_outputs\\2025-03\\train_voc_04-08-41-13\\checkpoints', pred_dir='w_outputs\\2025-03\\train_voc_04-08-41-13\\predictions')
2025-03-04 08:41:16,678 - train_voc_loss.py - INFO: 
Optimizer: 
PolyWarmupAdamW (
Parameter Group 0
    amsgrad: False
    betas: (0.9, 0.999)
    capturable: False
    eps: 1e-08
    foreach: None
    lr: 6e-05
    maximize: False
    weight_decay: 0.01

Parameter Group 1
    amsgrad: False
    betas: (0.9, 0.999)
    capturable: False
    eps: 1e-08
    foreach: None
    lr: 6e-05
    maximize: False
    weight_decay: 0.01

Parameter Group 2
    amsgrad: False
    betas: (0.9, 0.999)
    capturable: False
    eps: 1e-08
    foreach: None
    lr: 0.0006000000000000001
    maximize: False
    weight_decay: 0.01

Parameter Group 3
    amsgrad: False
    betas: (0.9, 0.999)
    capturable: False
    eps: 1e-08
    foreach: None
    lr: 0.0006000000000000001
    maximize: False
    weight_decay: 0.01
)
2025-03-04 08:44:00,545 - train_voc_loss.py - INFO: Iter: 200; Elasped: 0:02:47; ETA: 4:35:33; LR: 7.960e-06; cls_loss: 0.3835, cls_loss_aux: 2.7537, ptc_loss: 0.4123, pcl_loss: 9.9344, lcl_loss: 6.0015, seg_loss: 3.3578...
2025-03-04 08:46:42,797 - train_voc_loss.py - INFO: Iter: 400; Elasped: 0:05:29; ETA: 4:28:41; LR: 1.596e-05; cls_loss: 0.2303, cls_loss_aux: 0.3362, ptc_loss: 0.4061, pcl_loss: 10.2148, lcl_loss: 0.0000, seg_loss: 3.3911...
2025-03-04 08:49:24,050 - train_voc_loss.py - INFO: Iter: 600; Elasped: 0:08:11; ETA: 4:24:35; LR: 2.396e-05; cls_loss: 0.1910, cls_loss_aux: 0.2788, ptc_loss: 0.3855, pcl_loss: 9.6678, lcl_loss: 0.0000, seg_loss: 3.1399...
2025-03-04 08:52:08,795 - train_voc_loss.py - INFO: Iter: 800; Elasped: 0:10:55; ETA: 4:22:00; LR: 3.196e-05; cls_loss: 0.1396, cls_loss_aux: 0.2299, ptc_loss: 0.3562, pcl_loss: 1.3655, lcl_loss: 0.0000, seg_loss: 2.7865...
2025-03-04 08:54:53,390 - train_voc_loss.py - INFO: Iter: 1000; Elasped: 0:13:40; ETA: 4:19:40; LR: 3.996e-05; cls_loss: 0.1043, cls_loss_aux: 0.1748, ptc_loss: 0.3530, pcl_loss: 1.3789, lcl_loss: 0.0000, seg_loss: 2.6253...
2025-03-04 08:57:37,839 - train_voc_loss.py - INFO: Iter: 1200; Elasped: 0:16:24; ETA: 4:16:56; LR: 4.796e-05; cls_loss: 0.0883, cls_loss_aux: 0.1742, ptc_loss: 0.3398, pcl_loss: 1.4387, lcl_loss: 0.0000, seg_loss: 2.5424...
2025-03-04 09:00:22,271 - train_voc_loss.py - INFO: Iter: 1400; Elasped: 0:19:09; ETA: 4:14:25; LR: 5.596e-05; cls_loss: 0.0843, cls_loss_aux: 0.1705, ptc_loss: 0.2967, pcl_loss: 1.0092, lcl_loss: 0.0000, seg_loss: 2.6428...
2025-03-04 09:03:06,157 - train_voc_loss.py - INFO: Iter: 1600; Elasped: 0:21:53; ETA: 4:11:39; LR: 5.566e-05; cls_loss: 0.0843, cls_loss_aux: 0.1730, ptc_loss: 0.2477, pcl_loss: 0.8994, lcl_loss: 0.0000, seg_loss: 2.8465...
2025-03-04 09:05:50,129 - train_voc_loss.py - INFO: Iter: 1800; Elasped: 0:24:37; ETA: 4:08:54; LR: 5.512e-05; cls_loss: 0.0750, cls_loss_aux: 0.1451, ptc_loss: 0.1832, pcl_loss: 0.7833, lcl_loss: 0.0000, seg_loss: 3.3498...
2025-03-04 09:08:34,151 - train_voc_loss.py - INFO: Iter: 2000; Elasped: 0:27:21; ETA: 4:06:09; LR: 5.457e-05; cls_loss: 0.0822, cls_loss_aux: 0.1604, ptc_loss: 0.1524, pcl_loss: 0.7374, lcl_loss: 0.0000, seg_loss: 3.4145...
2025-03-04 09:08:34,151 - train_voc_loss.py - INFO: Validating...
2025-03-04 09:11:29,446 - train_voc_loss.py - INFO: val cls score: 0.885187
2025-03-04 09:11:29,447 - train_voc_loss.py - INFO: 
+------------------+--------+---------+----------+
|      Class       |  CAM   | aux_CAM | Seg_Pred |
+==================+========+=========+==========+
| _background_     | 64.872 | 83.805  | 3.374    |
+------------------+--------+---------+----------+
| aeroplane        | 42.392 | 46.865  | 0.014    |
+------------------+--------+---------+----------+
| bicycle          | 31.722 | 40.631  | 0.243    |
+------------------+--------+---------+----------+
| bird             | 50.911 | 63.725  | 0.289    |
+------------------+--------+---------+----------+
| boat             | 17.341 | 20.703  | 0.054    |
+------------------+--------+---------+----------+
| bottle           | 29.714 | 40.228  | 1.635    |
+------------------+--------+---------+----------+
| bus              | 79.340 | 80.605  | 0.978    |
+------------------+--------+---------+----------+
| car              | 54.536 | 69.531  | 1.896    |
+------------------+--------+---------+----------+
| cat              | 80.500 | 81.704  | 0.025    |
+------------------+--------+---------+----------+
| chair            | 15.547 | 24.299  | 0.592    |
+------------------+--------+---------+----------+
| cow              | 80.398 | 77.761  | 0.070    |
+------------------+--------+---------+----------+
| diningtable      | 38.100 | 47.614  | 1.885    |
+------------------+--------+---------+----------+
| dog              | 69.892 | 71.770  | 1.070    |
+------------------+--------+---------+----------+
| horse            | 71.825 | 79.360  | 3.374    |
+------------------+--------+---------+----------+
| motorbike        | 67.988 | 75.030  | 2.085    |
+------------------+--------+---------+----------+
| person           | 64.592 | 73.452  | 1.118    |
+------------------+--------+---------+----------+
| pottedplant      | 19.490 | 52.086  | 0.076    |
+------------------+--------+---------+----------+
| sheep            | 74.971 | 78.465  | 0.031    |
+------------------+--------+---------+----------+
| sofa             | 42.135 | 62.875  | 0.155    |
+------------------+--------+---------+----------+
| train            | 45.441 | 50.733  | 5.851    |
+------------------+--------+---------+----------+
| tvmonitor        | 19.507 | 27.652  | 1.150    |
+------------------+--------+---------+----------+
| m-Precision      | 53.598 | 68.837  | 4.848    |
+------------------+--------+---------+----------+
| m-Recall         | 93.612 | 80.538  | 4.748    |
+------------------+--------+---------+----------+
| m-ConfutionRatio | 1.532  | 0.644   | 791.562  |
+------------------+--------+---------+----------+
| m-IoU            | 50.534 | 59.471  | 1.237    |
+------------------+--------+---------+----------+
2025-03-04 09:14:13,918 - train_voc_loss.py - INFO: Iter: 2200; Elasped: 0:33:00; ETA: 4:27:00; LR: 5.403e-05; cls_loss: 0.0944, cls_loss_aux: 0.1630, ptc_loss: 0.1647, pcl_loss: 0.7504, lcl_loss: 0.0000, seg_loss: 1.8696...
2025-03-04 09:16:57,362 - train_voc_loss.py - INFO: Iter: 2400; Elasped: 0:35:44; ETA: 4:22:02; LR: 5.348e-05; cls_loss: 0.0877, cls_loss_aux: 0.1542, ptc_loss: 0.1347, pcl_loss: 0.6832, lcl_loss: 0.0000, seg_loss: 1.2711...
2025-03-04 09:19:41,097 - train_voc_loss.py - INFO: Iter: 2600; Elasped: 0:38:28; ETA: 4:17:25; LR: 5.293e-05; cls_loss: 0.0786, cls_loss_aux: 0.1352, ptc_loss: 0.1093, pcl_loss: 0.6283, lcl_loss: 0.0000, seg_loss: 0.7383...
2025-03-04 09:22:28,025 - train_voc_loss.py - INFO: Iter: 2800; Elasped: 0:41:15; ETA: 4:13:23; LR: 5.239e-05; cls_loss: 0.0652, cls_loss_aux: 0.1122, ptc_loss: 0.1048, pcl_loss: 0.5957, lcl_loss: 0.0000, seg_loss: 0.4961...
2025-03-04 09:25:11,596 - train_voc_loss.py - INFO: Iter: 3000; Elasped: 0:43:58; ETA: 4:09:08; LR: 5.184e-05; cls_loss: 0.0763, cls_loss_aux: 0.1295, ptc_loss: 0.1041, pcl_loss: 0.5746, lcl_loss: 0.0000, seg_loss: 0.6466...
2025-03-04 09:27:56,229 - train_voc_loss.py - INFO: Iter: 3200; Elasped: 0:46:43; ETA: 4:05:15; LR: 5.129e-05; cls_loss: 0.0748, cls_loss_aux: 0.1377, ptc_loss: 0.1017, pcl_loss: 0.5956, lcl_loss: 0.0000, seg_loss: 0.3905...
2025-03-04 09:30:40,677 - train_voc_loss.py - INFO: Iter: 3400; Elasped: 0:49:27; ETA: 4:01:25; LR: 5.074e-05; cls_loss: 0.0733, cls_loss_aux: 0.1228, ptc_loss: 0.0988, pcl_loss: 0.5817, lcl_loss: 0.0000, seg_loss: 0.3710...
2025-03-04 09:33:25,328 - train_voc_loss.py - INFO: Iter: 3600; Elasped: 0:52:12; ETA: 3:57:48; LR: 5.019e-05; cls_loss: 0.0683, cls_loss_aux: 0.1217, ptc_loss: 0.0977, pcl_loss: 0.5841, lcl_loss: 0.0000, seg_loss: 0.3001...
2025-03-04 09:36:10,204 - train_voc_loss.py - INFO: Iter: 3800; Elasped: 0:54:57; ETA: 3:54:15; LR: 4.964e-05; cls_loss: 0.0796, cls_loss_aux: 0.1436, ptc_loss: 0.0887, pcl_loss: 0.6206, lcl_loss: 0.0000, seg_loss: 0.4481...
2025-03-04 09:38:54,206 - train_voc_loss.py - INFO: Iter: 4000; Elasped: 0:57:41; ETA: 3:50:44; LR: 4.909e-05; cls_loss: 0.0755, cls_loss_aux: 0.1411, ptc_loss: 0.0890, pcl_loss: 0.5658, lcl_loss: 0.0000, seg_loss: 0.4198...
2025-03-04 09:38:54,206 - train_voc_loss.py - INFO: Validating...
2025-03-04 09:41:48,273 - train_voc_loss.py - INFO: val cls score: 0.889533
2025-03-04 09:41:48,274 - train_voc_loss.py - INFO: 
+------------------+--------+---------+----------+
|      Class       |  CAM   | aux_CAM | Seg_Pred |
+==================+========+=========+==========+
| _background_     | 89.560 | 88.856  | 89.087   |
+------------------+--------+---------+----------+
| aeroplane        | 70.421 | 76.104  | 76.710   |
+------------------+--------+---------+----------+
| bicycle          | 42.624 | 40.265  | 42.952   |
+------------------+--------+---------+----------+
| bird             | 80.114 | 81.653  | 78.039   |
+------------------+--------+---------+----------+
| boat             | 52.429 | 51.944  | 52.934   |
+------------------+--------+---------+----------+
| bottle           | 66.170 | 55.261  | 63.341   |
+------------------+--------+---------+----------+
| bus              | 86.372 | 79.232  | 83.984   |
+------------------+--------+---------+----------+
| car              | 82.907 | 76.159  | 78.220   |
+------------------+--------+---------+----------+
| cat              | 87.503 | 79.736  | 82.903   |
+------------------+--------+---------+----------+
| chair            | 44.232 | 35.842  | 32.269   |
+------------------+--------+---------+----------+
| cow              | 83.607 | 67.435  | 74.954   |
+------------------+--------+---------+----------+
| diningtable      | 25.534 | 57.072  | 37.174   |
+------------------+--------+---------+----------+
| dog              | 84.040 | 76.970  | 76.253   |
+------------------+--------+---------+----------+
| horse            | 84.844 | 76.940  | 72.983   |
+------------------+--------+---------+----------+
| motorbike        | 74.760 | 77.078  | 69.016   |
+------------------+--------+---------+----------+
| person           | 78.219 | 78.303  | 74.059   |
+------------------+--------+---------+----------+
| pottedplant      | 56.558 | 58.097  | 52.009   |
+------------------+--------+---------+----------+
| sheep            | 83.132 | 77.960  | 71.771   |
+------------------+--------+---------+----------+
| sofa             | 48.069 | 71.373  | 39.578   |
+------------------+--------+---------+----------+
| train            | 57.868 | 60.607  | 57.257   |
+------------------+--------+---------+----------+
| tvmonitor        | 56.093 | 49.947  | 54.112   |
+------------------+--------+---------+----------+
| m-Precision      | 78.749 | 77.785  | 75.981   |
+------------------+--------+---------+----------+
| m-Recall         | 84.249 | 83.122  | 81.560   |
+------------------+--------+---------+----------+
| m-ConfutionRatio | 0.328  | 0.351   | 0.363    |
+------------------+--------+---------+----------+
| m-IoU            | 68.336 | 67.468  | 64.743   |
+------------------+--------+---------+----------+
2025-03-04 09:44:32,317 - train_voc_loss.py - INFO: Iter: 4200; Elasped: 1:03:19; ETA: 3:58:11; LR: 4.853e-05; cls_loss: 0.0695, cls_loss_aux: 0.1164, ptc_loss: 0.0886, pcl_loss: 0.5763, lcl_loss: 0.0000, seg_loss: 0.3829...
2025-03-04 09:47:16,164 - train_voc_loss.py - INFO: Iter: 4400; Elasped: 1:06:03; ETA: 3:54:10; LR: 4.798e-05; cls_loss: 0.0682, cls_loss_aux: 0.1270, ptc_loss: 0.0772, pcl_loss: 0.5348, lcl_loss: 0.0000, seg_loss: 0.3313...
2025-03-04 09:49:58,843 - train_voc_loss.py - INFO: Iter: 4600; Elasped: 1:08:45; ETA: 3:50:09; LR: 4.743e-05; cls_loss: 0.0733, cls_loss_aux: 0.1315, ptc_loss: 0.0962, pcl_loss: 0.6279, lcl_loss: 0.0000, seg_loss: 0.4368...
2025-03-04 09:52:40,294 - train_voc_loss.py - INFO: Iter: 4800; Elasped: 1:11:27; ETA: 3:46:15; LR: 4.687e-05; cls_loss: 0.0716, cls_loss_aux: 0.1219, ptc_loss: 0.0880, pcl_loss: 0.5697, lcl_loss: 0.0000, seg_loss: 0.3106...
2025-03-04 09:55:21,595 - train_voc_loss.py - INFO: Iter: 5000; Elasped: 1:14:08; ETA: 3:42:24; LR: 4.632e-05; cls_loss: 0.0622, cls_loss_aux: 0.1005, ptc_loss: 0.0818, pcl_loss: 0.5289, lcl_loss: 0.0000, seg_loss: 0.2041...
2025-03-04 09:58:03,179 - train_voc_loss.py - INFO: Iter: 5200; Elasped: 1:16:50; ETA: 3:38:40; LR: 4.576e-05; cls_loss: 0.0647, cls_loss_aux: 0.1184, ptc_loss: 0.0821, pcl_loss: 0.5586, lcl_loss: 0.0000, seg_loss: 0.2925...
2025-03-04 10:00:49,665 - train_voc_loss.py - INFO: Iter: 5400; Elasped: 1:19:36; ETA: 3:35:12; LR: 4.520e-05; cls_loss: 0.0653, cls_loss_aux: 0.1075, ptc_loss: 0.0895, pcl_loss: 0.5658, lcl_loss: 0.0000, seg_loss: 0.2489...
2025-03-04 10:03:34,799 - train_voc_loss.py - INFO: Iter: 5600; Elasped: 1:22:21; ETA: 3:31:45; LR: 4.465e-05; cls_loss: 0.0634, cls_loss_aux: 0.0960, ptc_loss: 0.0819, pcl_loss: 0.5379, lcl_loss: 0.0000, seg_loss: 0.1655...
2025-03-04 10:06:19,571 - train_voc_loss.py - INFO: Iter: 5800; Elasped: 1:25:06; ETA: 3:28:20; LR: 4.409e-05; cls_loss: 0.0679, cls_loss_aux: 0.1066, ptc_loss: 0.0830, pcl_loss: 0.5100, lcl_loss: 0.0000, seg_loss: 0.3312...
2025-03-04 10:09:04,799 - train_voc_loss.py - INFO: Iter: 6000; Elasped: 1:27:51; ETA: 3:24:59; LR: 4.353e-05; cls_loss: 0.0569, cls_loss_aux: 0.0881, ptc_loss: 0.0762, pcl_loss: 0.5323, lcl_loss: 0.0000, seg_loss: 0.2584...
2025-03-04 10:09:04,799 - train_voc_loss.py - INFO: Validating...
2025-03-04 10:12:00,168 - train_voc_loss.py - INFO: val cls score: 0.902417
2025-03-04 10:12:00,168 - train_voc_loss.py - INFO: 
+------------------+--------+---------+----------+
|      Class       |  CAM   | aux_CAM | Seg_Pred |
+==================+========+=========+==========+
| _background_     | 90.035 | 89.628  | 89.307   |
+------------------+--------+---------+----------+
| aeroplane        | 76.038 | 80.227  | 0        |
+------------------+--------+---------+----------+
| bicycle          | 44.846 | 40.872  | 43.126   |
+------------------+--------+---------+----------+
| bird             | 84.249 | 80.130  | 83.350   |
+------------------+--------+---------+----------+
| boat             | 51.948 | 56.572  | 53.239   |
+------------------+--------+---------+----------+
| bottle           | 72.603 | 68.961  | 71.165   |
+------------------+--------+---------+----------+
| bus              | 83.569 | 78.546  | 79.516   |
+------------------+--------+---------+----------+
| car              | 81.683 | 72.387  | 50.478   |
+------------------+--------+---------+----------+
| cat              | 83.776 | 77.911  | 81.128   |
+------------------+--------+---------+----------+
| chair            | 36.713 | 42.730  | 14.802   |
+------------------+--------+---------+----------+
| cow              | 84.912 | 78.780  | 79.369   |
+------------------+--------+---------+----------+
| diningtable      | 11.489 | 54.756  | 5.262    |
+------------------+--------+---------+----------+
| dog              | 82.964 | 79.329  | 77.887   |
+------------------+--------+---------+----------+
| horse            | 87.311 | 81.086  | 83.259   |
+------------------+--------+---------+----------+
| motorbike        | 76.602 | 77.511  | 66.841   |
+------------------+--------+---------+----------+
| person           | 80.430 | 76.258  | 76.670   |
+------------------+--------+---------+----------+
| pottedplant      | 61.482 | 54.206  | 54.109   |
+------------------+--------+---------+----------+
| sheep            | 88.117 | 83.598  | 84.060   |
+------------------+--------+---------+----------+
| sofa             | 47.367 | 72.056  | 40.487   |
+------------------+--------+---------+----------+
| train            | 60.086 | 60.788  | 56.617   |
+------------------+--------+---------+----------+
| tvmonitor        | 58.306 | 52.912  | 54.899   |
+------------------+--------+---------+----------+
| m-Precision      | 81.074 | 80.009  | nan      |
+------------------+--------+---------+----------+
| m-Recall         | 81.214 | 83.899  | 72.300   |
+------------------+--------+---------+----------+
| m-ConfutionRatio | 0.293  | 0.309   | nan      |
+------------------+--------+---------+----------+
| m-IoU            | 68.787 | 69.488  | 59.313   |
+------------------+--------+---------+----------+
2025-03-04 10:14:45,064 - train_voc_loss.py - INFO: Iter: 6200; Elasped: 1:33:32; ETA: 3:28:11; LR: 4.297e-05; cls_loss: 0.0611, cls_loss_aux: 0.0955, ptc_loss: 0.0776, pcl_loss: 0.5428, lcl_loss: 0.0000, seg_loss: 0.2335...
2025-03-04 10:17:29,182 - train_voc_loss.py - INFO: Iter: 6400; Elasped: 1:36:16; ETA: 3:24:34; LR: 4.241e-05; cls_loss: 0.0585, cls_loss_aux: 0.0853, ptc_loss: 0.0756, pcl_loss: 0.5286, lcl_loss: 0.0000, seg_loss: 0.1867...
2025-03-04 10:20:13,235 - train_voc_loss.py - INFO: Iter: 6600; Elasped: 1:39:00; ETA: 3:21:00; LR: 4.185e-05; cls_loss: 0.0594, cls_loss_aux: 0.0958, ptc_loss: 0.0813, pcl_loss: 0.5539, lcl_loss: 0.0000, seg_loss: 0.2481...
2025-03-04 10:22:57,340 - train_voc_loss.py - INFO: Iter: 6800; Elasped: 1:41:44; ETA: 3:17:28; LR: 4.128e-05; cls_loss: 0.0579, cls_loss_aux: 0.0916, ptc_loss: 0.0703, pcl_loss: 0.4924, lcl_loss: 0.0000, seg_loss: 0.2441...
2025-03-04 10:25:40,668 - train_voc_loss.py - INFO: Iter: 7000; Elasped: 1:44:27; ETA: 3:13:58; LR: 4.072e-05; cls_loss: 0.0576, cls_loss_aux: 0.0909, ptc_loss: 0.0790, pcl_loss: 0.4737, lcl_loss: 0.0000, seg_loss: 0.2636...
2025-03-04 10:28:24,738 - train_voc_loss.py - INFO: Iter: 7200; Elasped: 1:47:11; ETA: 3:10:32; LR: 4.016e-05; cls_loss: 0.0628, cls_loss_aux: 0.0935, ptc_loss: 0.0718, pcl_loss: 0.5359, lcl_loss: 0.0000, seg_loss: 0.2623...
2025-03-04 10:31:08,487 - train_voc_loss.py - INFO: Iter: 7400; Elasped: 1:49:55; ETA: 3:07:09; LR: 3.959e-05; cls_loss: 0.0555, cls_loss_aux: 0.0848, ptc_loss: 0.0641, pcl_loss: 0.4915, lcl_loss: 0.0000, seg_loss: 0.1713...
2025-03-04 10:33:52,112 - train_voc_loss.py - INFO: Iter: 7600; Elasped: 1:52:39; ETA: 3:03:47; LR: 3.902e-05; cls_loss: 0.0526, cls_loss_aux: 0.0855, ptc_loss: 0.0700, pcl_loss: 0.4564, lcl_loss: 0.0000, seg_loss: 0.1798...
2025-03-04 10:36:35,942 - train_voc_loss.py - INFO: Iter: 7800; Elasped: 1:55:22; ETA: 3:00:26; LR: 3.846e-05; cls_loss: 0.0527, cls_loss_aux: 0.0845, ptc_loss: 0.0684, pcl_loss: 0.4824, lcl_loss: 0.0000, seg_loss: 0.2085...
2025-03-04 10:39:49,487 - train_voc_loss.py - INFO: Iter: 8000; Elasped: 1:58:36; ETA: 2:57:54; LR: 3.789e-05; cls_loss: 0.0519, cls_loss_aux: 0.0802, ptc_loss: 0.0764, pcl_loss: 0.4921, lcl_loss: 0.0000, seg_loss: 0.2214...
2025-03-04 10:39:49,487 - train_voc_loss.py - INFO: Validating...
2025-03-04 10:42:43,591 - train_voc_loss.py - INFO: val cls score: 0.910418
2025-03-04 10:42:43,591 - train_voc_loss.py - INFO: 
+------------------+--------+---------+----------+
|      Class       |  CAM   | aux_CAM | Seg_Pred |
+==================+========+=========+==========+
| _background_     | 89.755 | 90.017  | 89.209   |
+------------------+--------+---------+----------+
| aeroplane        | 58.929 | 73.893  | 58.157   |
+------------------+--------+---------+----------+
| bicycle          | 43.955 | 42.519  | 38.839   |
+------------------+--------+---------+----------+
| bird             | 82.722 | 84.175  | 80.751   |
+------------------+--------+---------+----------+
| boat             | 56.128 | 57.067  | 58.586   |
+------------------+--------+---------+----------+
| bottle           | 71.436 | 64.685  | 65.982   |
+------------------+--------+---------+----------+
| bus              | 84.002 | 81.789  | 78.671   |
+------------------+--------+---------+----------+
| car              | 82.383 | 70.462  | 80.949   |
+------------------+--------+---------+----------+
| cat              | 88.358 | 84.056  | 82.652   |
+------------------+--------+---------+----------+
| chair            | 49.676 | 42.954  | 35.254   |
+------------------+--------+---------+----------+
| cow              | 88.368 | 79.577  | 83.215   |
+------------------+--------+---------+----------+
| diningtable      | 26.868 | 54.667  | 36.467   |
+------------------+--------+---------+----------+
| dog              | 87.630 | 83.994  | 78.016   |
+------------------+--------+---------+----------+
| horse            | 86.165 | 82.166  | 81.061   |
+------------------+--------+---------+----------+
| motorbike        | 77.013 | 76.122  | 72.645   |
+------------------+--------+---------+----------+
| person           | 79.195 | 80.580  | 78.075   |
+------------------+--------+---------+----------+
| pottedplant      | 61.983 | 51.588  | 51.296   |
+------------------+--------+---------+----------+
| sheep            | 85.005 | 83.641  | 83.172   |
+------------------+--------+---------+----------+
| sofa             | 51.669 | 67.568  | 28.674   |
+------------------+--------+---------+----------+
| train            | 59.895 | 61.417  | 58.176   |
+------------------+--------+---------+----------+
| tvmonitor        | 54.217 | 56.449  | 52.715   |
+------------------+--------+---------+----------+
| m-Precision      | 79.268 | 80.154  | 75.598   |
+------------------+--------+---------+----------+
| m-Recall         | 85.999 | 84.084  | 84.178   |
+------------------+--------+---------+----------+
| m-ConfutionRatio | 0.315  | 0.301   | 0.407    |
+------------------+--------+---------+----------+
| m-IoU            | 69.779 | 69.971  | 65.360   |
+------------------+--------+---------+----------+
2025-03-04 10:45:28,361 - train_voc_loss.py - INFO: Iter: 8200; Elasped: 2:04:15; ETA: 2:58:47; LR: 3.732e-05; cls_loss: 0.0504, cls_loss_aux: 0.0708, ptc_loss: 0.0669, pcl_loss: 0.5023, lcl_loss: 0.0000, seg_loss: 0.1836...
2025-03-04 10:48:12,920 - train_voc_loss.py - INFO: Iter: 8400; Elasped: 2:06:59; ETA: 2:55:21; LR: 3.675e-05; cls_loss: 0.0506, cls_loss_aux: 0.0705, ptc_loss: 0.0590, pcl_loss: 0.4719, lcl_loss: 0.0000, seg_loss: 0.1723...
2025-03-04 10:50:56,922 - train_voc_loss.py - INFO: Iter: 8600; Elasped: 2:09:43; ETA: 2:51:57; LR: 3.618e-05; cls_loss: 0.0521, cls_loss_aux: 0.0665, ptc_loss: 0.0755, pcl_loss: 0.4592, lcl_loss: 0.0000, seg_loss: 0.1801...
2025-03-04 10:53:41,562 - train_voc_loss.py - INFO: Iter: 8800; Elasped: 2:12:28; ETA: 2:48:35; LR: 3.561e-05; cls_loss: 0.0521, cls_loss_aux: 0.0672, ptc_loss: 0.0857, pcl_loss: 0.4513, lcl_loss: 0.0000, seg_loss: 0.1987...
2025-03-04 10:56:25,742 - train_voc_loss.py - INFO: Iter: 9000; Elasped: 2:15:12; ETA: 2:45:14; LR: 3.504e-05; cls_loss: 0.0539, cls_loss_aux: 0.0775, ptc_loss: 0.0662, pcl_loss: 0.4371, lcl_loss: 0.0000, seg_loss: 0.1710...
2025-03-04 10:59:09,175 - train_voc_loss.py - INFO: Iter: 9200; Elasped: 2:17:56; ETA: 2:41:55; LR: 3.446e-05; cls_loss: 0.0471, cls_loss_aux: 0.0625, ptc_loss: 0.0638, pcl_loss: 0.4637, lcl_loss: 0.0000, seg_loss: 0.1268...
2025-03-04 11:01:52,931 - train_voc_loss.py - INFO: Iter: 9400; Elasped: 2:20:39; ETA: 2:38:36; LR: 3.389e-05; cls_loss: 0.0565, cls_loss_aux: 0.0730, ptc_loss: 0.0543, pcl_loss: 0.4787, lcl_loss: 0.0000, seg_loss: 0.1320...
2025-03-04 11:04:36,601 - train_voc_loss.py - INFO: Iter: 9600; Elasped: 2:23:23; ETA: 2:35:19; LR: 3.331e-05; cls_loss: 0.0464, cls_loss_aux: 0.0602, ptc_loss: 0.0692, pcl_loss: 0.4628, lcl_loss: 0.0000, seg_loss: 0.1702...
2025-03-04 11:07:19,048 - train_voc_loss.py - INFO: Iter: 9800; Elasped: 2:26:06; ETA: 2:32:03; LR: 3.273e-05; cls_loss: 0.0481, cls_loss_aux: 0.0644, ptc_loss: 0.0549, pcl_loss: 0.4546, lcl_loss: 0.0000, seg_loss: 0.1637...
2025-03-04 11:10:03,039 - train_voc_loss.py - INFO: Iter: 10000; Elasped: 2:28:50; ETA: 2:28:50; LR: 3.216e-05; cls_loss: 0.0466, cls_loss_aux: 0.0637, ptc_loss: 0.0702, pcl_loss: 0.4663, lcl_loss: 0.0000, seg_loss: 0.1675...
2025-03-04 11:10:03,039 - train_voc_loss.py - INFO: Validating...
2025-03-04 11:12:58,557 - train_voc_loss.py - INFO: val cls score: 0.914902
2025-03-04 11:12:58,557 - train_voc_loss.py - INFO: 
+------------------+--------+---------+----------+
|      Class       |  CAM   | aux_CAM | Seg_Pred |
+==================+========+=========+==========+
| _background_     | 90.887 | 90.384  | 90.148   |
+------------------+--------+---------+----------+
| aeroplane        | 75.618 | 78.385  | 79.227   |
+------------------+--------+---------+----------+
| bicycle          | 43.069 | 41.089  | 39.180   |
+------------------+--------+---------+----------+
| bird             | 85.510 | 83.408  | 83.991   |
+------------------+--------+---------+----------+
| boat             | 61.877 | 62.077  | 63.021   |
+------------------+--------+---------+----------+
| bottle           | 76.697 | 66.772  | 53.750   |
+------------------+--------+---------+----------+
| bus              | 84.403 | 82.882  | 85.460   |
+------------------+--------+---------+----------+
| car              | 78.901 | 70.410  | 78.332   |
+------------------+--------+---------+----------+
| cat              | 84.486 | 79.103  | 84.294   |
+------------------+--------+---------+----------+
| chair            | 41.696 | 44.272  | 33.139   |
+------------------+--------+---------+----------+
| cow              | 88.115 | 82.332  | 86.624   |
+------------------+--------+---------+----------+
| diningtable      | 31.402 | 56.806  | 28.829   |
+------------------+--------+---------+----------+
| dog              | 83.172 | 81.497  | 80.954   |
+------------------+--------+---------+----------+
| horse            | 84.483 | 78.850  | 81.570   |
+------------------+--------+---------+----------+
| motorbike        | 77.344 | 79.665  | 72.432   |
+------------------+--------+---------+----------+
| person           | 80.280 | 80.038  | 79.113   |
+------------------+--------+---------+----------+
| pottedplant      | 57.879 | 52.753  | 53.421   |
+------------------+--------+---------+----------+
| sheep            | 88.916 | 82.383  | 84.717   |
+------------------+--------+---------+----------+
| sofa             | 52.931 | 69.109  | 49.580   |
+------------------+--------+---------+----------+
| train            | 62.377 | 60.052  | 61.136   |
+------------------+--------+---------+----------+
| tvmonitor        | 60.754 | 64.277  | 49.945   |
+------------------+--------+---------+----------+
| m-Precision      | 84.175 | 81.927  | 80.594   |
+------------------+--------+---------+----------+
| m-Recall         | 81.964 | 83.529  | 80.615   |
+------------------+--------+---------+----------+
| m-ConfutionRatio | 0.227  | 0.271   | 0.295    |
+------------------+--------+---------+----------+
| m-IoU            | 70.990 | 70.788  | 67.565   |
+------------------+--------+---------+----------+
2025-03-04 11:15:41,823 - train_voc_loss.py - INFO: Iter: 10200; Elasped: 2:34:28; ETA: 2:28:24; LR: 3.158e-05; cls_loss: 0.0468, cls_loss_aux: 0.0678, ptc_loss: 0.0542, pcl_loss: 0.4032, lcl_loss: 0.0000, seg_loss: 0.1561...
2025-03-04 11:18:24,867 - train_voc_loss.py - INFO: Iter: 10400; Elasped: 2:37:11; ETA: 2:25:05; LR: 3.100e-05; cls_loss: 0.0504, cls_loss_aux: 0.0666, ptc_loss: 0.0584, pcl_loss: 0.4263, lcl_loss: 0.0000, seg_loss: 0.1514...
2025-03-04 11:21:10,466 - train_voc_loss.py - INFO: Iter: 10600; Elasped: 2:39:57; ETA: 2:21:50; LR: 3.041e-05; cls_loss: 0.0555, cls_loss_aux: 0.0752, ptc_loss: 0.0698, pcl_loss: 0.3969, lcl_loss: 0.0000, seg_loss: 0.1174...
2025-03-04 11:23:54,060 - train_voc_loss.py - INFO: Iter: 10800; Elasped: 2:42:41; ETA: 2:18:34; LR: 2.983e-05; cls_loss: 0.0425, cls_loss_aux: 0.0540, ptc_loss: 0.0506, pcl_loss: 0.4065, lcl_loss: 0.0000, seg_loss: 0.1340...
2025-03-04 11:26:37,331 - train_voc_loss.py - INFO: Iter: 11000; Elasped: 2:45:24; ETA: 2:15:19; LR: 2.925e-05; cls_loss: 0.0430, cls_loss_aux: 0.0481, ptc_loss: 0.0533, pcl_loss: 0.3870, lcl_loss: 0.0000, seg_loss: 0.1518...
2025-03-04 11:29:18,428 - train_voc_loss.py - INFO: Iter: 11200; Elasped: 2:48:05; ETA: 2:12:03; LR: 2.866e-05; cls_loss: 0.0447, cls_loss_aux: 0.0569, ptc_loss: 0.0555, pcl_loss: 0.3901, lcl_loss: 0.0000, seg_loss: 0.1527...
2025-03-04 11:31:59,506 - train_voc_loss.py - INFO: Iter: 11400; Elasped: 2:50:46; ETA: 2:08:49; LR: 2.807e-05; cls_loss: 0.0456, cls_loss_aux: 0.0549, ptc_loss: 0.0487, pcl_loss: 0.3660, lcl_loss: 0.0000, seg_loss: 0.1418...
2025-03-04 11:34:40,202 - train_voc_loss.py - INFO: Iter: 11600; Elasped: 2:53:27; ETA: 2:05:36; LR: 2.749e-05; cls_loss: 0.0440, cls_loss_aux: 0.0528, ptc_loss: 0.0478, pcl_loss: 0.3467, lcl_loss: 0.0000, seg_loss: 0.1260...
2025-03-04 11:37:21,599 - train_voc_loss.py - INFO: Iter: 11800; Elasped: 2:56:08; ETA: 2:02:23; LR: 2.690e-05; cls_loss: 0.0470, cls_loss_aux: 0.0552, ptc_loss: 0.0585, pcl_loss: 0.3723, lcl_loss: 0.0000, seg_loss: 0.1508...
2025-03-04 11:40:02,708 - train_voc_loss.py - INFO: Iter: 12000; Elasped: 2:58:49; ETA: 1:59:12; LR: 2.631e-05; cls_loss: 0.0430, cls_loss_aux: 0.0513, ptc_loss: 0.0595, pcl_loss: 0.3476, lcl_loss: 0.0000, seg_loss: 0.1423...
2025-03-04 11:40:02,709 - train_voc_loss.py - INFO: Validating...
2025-03-04 11:42:55,244 - train_voc_loss.py - INFO: val cls score: 0.909623
2025-03-04 11:42:55,244 - train_voc_loss.py - INFO: 
+------------------+--------+---------+----------+
|      Class       |  CAM   | aux_CAM | Seg_Pred |
+==================+========+=========+==========+
| _background_     | 90.913 | 89.713  | 90.023   |
+------------------+--------+---------+----------+
| aeroplane        | 74.023 | 77.568  | 78.409   |
+------------------+--------+---------+----------+
| bicycle          | 42.921 | 39.417  | 38.754   |
+------------------+--------+---------+----------+
| bird             | 85.571 | 81.666  | 84.831   |
+------------------+--------+---------+----------+
| boat             | 62.910 | 58.602  | 63.558   |
+------------------+--------+---------+----------+
| bottle           | 74.407 | 67.066  | 70.901   |
+------------------+--------+---------+----------+
| bus              | 88.719 | 84.763  | 69.945   |
+------------------+--------+---------+----------+
| car              | 77.767 | 69.040  | 72.423   |
+------------------+--------+---------+----------+
| cat              | 85.117 | 79.169  | 85.376   |
+------------------+--------+---------+----------+
| chair            | 45.347 | 43.918  | 32.663   |
+------------------+--------+---------+----------+
| cow              | 83.755 | 76.793  | 82.681   |
+------------------+--------+---------+----------+
| diningtable      | 42.961 | 57.814  | 43.077   |
+------------------+--------+---------+----------+
| dog              | 82.430 | 77.208  | 76.571   |
+------------------+--------+---------+----------+
| horse            | 82.633 | 73.761  | 83.019   |
+------------------+--------+---------+----------+
| motorbike        | 78.100 | 77.985  | 73.988   |
+------------------+--------+---------+----------+
| person           | 80.648 | 78.131  | 79.153   |
+------------------+--------+---------+----------+
| pottedplant      | 60.222 | 50.613  | 56.765   |
+------------------+--------+---------+----------+
| sheep            | 87.274 | 82.398  | 83.643   |
+------------------+--------+---------+----------+
| sofa             | 58.869 | 68.919  | 50.883   |
+------------------+--------+---------+----------+
| train            | 60.295 | 59.718  | 59.628   |
+------------------+--------+---------+----------+
| tvmonitor        | 58.165 | 55.607  | 56.685   |
+------------------+--------+---------+----------+
| m-Precision      | 83.570 | 81.365  | 80.502   |
+------------------+--------+---------+----------+
| m-Recall         | 83.480 | 81.985  | 81.587   |
+------------------+--------+---------+----------+
| m-ConfutionRatio | 0.240  | 0.289   | 0.293    |
+------------------+--------+---------+----------+
| m-IoU            | 71.574 | 69.042  | 68.237   |
+------------------+--------+---------+----------+
2025-03-04 11:45:36,575 - train_voc_loss.py - INFO: Iter: 12200; Elasped: 3:04:23; ETA: 1:57:53; LR: 2.571e-05; cls_loss: 0.0458, cls_loss_aux: 0.0574, ptc_loss: 0.0512, pcl_loss: 0.3840, lcl_loss: 0.0000, seg_loss: 0.1273...
2025-03-04 11:48:17,173 - train_voc_loss.py - INFO: Iter: 12400; Elasped: 3:07:04; ETA: 1:54:39; LR: 2.512e-05; cls_loss: 0.0416, cls_loss_aux: 0.0494, ptc_loss: 0.0573, pcl_loss: 0.4097, lcl_loss: 0.0000, seg_loss: 0.1281...
2025-03-04 11:50:57,701 - train_voc_loss.py - INFO: Iter: 12600; Elasped: 3:09:44; ETA: 1:51:25; LR: 2.452e-05; cls_loss: 0.0417, cls_loss_aux: 0.0484, ptc_loss: 0.0588, pcl_loss: 0.3856, lcl_loss: 0.0000, seg_loss: 0.1341...
2025-03-04 11:53:38,115 - train_voc_loss.py - INFO: Iter: 12800; Elasped: 3:12:25; ETA: 1:48:14; LR: 2.393e-05; cls_loss: 0.0427, cls_loss_aux: 0.0520, ptc_loss: 0.0586, pcl_loss: 0.3858, lcl_loss: 0.0000, seg_loss: 0.1020...
2025-03-04 11:56:19,597 - train_voc_loss.py - INFO: Iter: 13000; Elasped: 3:15:06; ETA: 1:45:03; LR: 2.333e-05; cls_loss: 0.0381, cls_loss_aux: 0.0430, ptc_loss: 0.0507, pcl_loss: 0.3801, lcl_loss: 0.0000, seg_loss: 0.1281...
2025-03-04 11:59:00,160 - train_voc_loss.py - INFO: Iter: 13200; Elasped: 3:17:47; ETA: 1:41:53; LR: 2.273e-05; cls_loss: 0.0386, cls_loss_aux: 0.0472, ptc_loss: 0.0498, pcl_loss: 0.3786, lcl_loss: 0.0000, seg_loss: 0.1275...
2025-03-04 12:01:43,441 - train_voc_loss.py - INFO: Iter: 13400; Elasped: 3:20:30; ETA: 1:38:45; LR: 2.212e-05; cls_loss: 0.0357, cls_loss_aux: 0.0391, ptc_loss: 0.0551, pcl_loss: 0.3807, lcl_loss: 0.0000, seg_loss: 0.0866...
2025-03-04 12:04:24,688 - train_voc_loss.py - INFO: Iter: 13600; Elasped: 3:23:11; ETA: 1:35:36; LR: 2.152e-05; cls_loss: 0.0362, cls_loss_aux: 0.0383, ptc_loss: 0.0519, pcl_loss: 0.3717, lcl_loss: 0.0000, seg_loss: 0.1009...
2025-03-04 12:07:05,952 - train_voc_loss.py - INFO: Iter: 13800; Elasped: 3:25:52; ETA: 1:32:29; LR: 2.091e-05; cls_loss: 0.0363, cls_loss_aux: 0.0380, ptc_loss: 0.0577, pcl_loss: 0.3526, lcl_loss: 0.0000, seg_loss: 0.0936...
2025-03-04 12:09:46,202 - train_voc_loss.py - INFO: Iter: 14000; Elasped: 3:28:33; ETA: 1:29:22; LR: 2.031e-05; cls_loss: 0.0367, cls_loss_aux: 0.0386, ptc_loss: 0.0594, pcl_loss: 0.3628, lcl_loss: 0.0000, seg_loss: 0.1026...
2025-03-04 12:09:46,202 - train_voc_loss.py - INFO: Validating...
2025-03-04 12:12:36,785 - train_voc_loss.py - INFO: val cls score: 0.916798
2025-03-04 12:12:36,785 - train_voc_loss.py - INFO: 
+------------------+--------+---------+----------+
|      Class       |  CAM   | aux_CAM | Seg_Pred |
+==================+========+=========+==========+
| _background_     | 90.396 | 89.883  | 90.227   |
+------------------+--------+---------+----------+
| aeroplane        | 66.214 | 75.494  | 66.150   |
+------------------+--------+---------+----------+
| bicycle          | 39.255 | 37.497  | 35.998   |
+------------------+--------+---------+----------+
| bird             | 81.849 | 82.190  | 81.460   |
+------------------+--------+---------+----------+
| boat             | 52.321 | 57.511  | 52.757   |
+------------------+--------+---------+----------+
| bottle           | 76.120 | 66.890  | 68.462   |
+------------------+--------+---------+----------+
| bus              | 87.684 | 83.996  | 85.014   |
+------------------+--------+---------+----------+
| car              | 79.233 | 69.995  | 76.076   |
+------------------+--------+---------+----------+
| cat              | 88.732 | 84.000  | 87.917   |
+------------------+--------+---------+----------+
| chair            | 50.419 | 45.585  | 37.091   |
+------------------+--------+---------+----------+
| cow              | 84.843 | 78.145  | 81.646   |
+------------------+--------+---------+----------+
| diningtable      | 57.256 | 60.451  | 54.754   |
+------------------+--------+---------+----------+
| dog              | 86.028 | 81.525  | 83.490   |
+------------------+--------+---------+----------+
| horse            | 82.401 | 74.063  | 81.991   |
+------------------+--------+---------+----------+
| motorbike        | 76.514 | 78.045  | 68.601   |
+------------------+--------+---------+----------+
| person           | 79.791 | 79.109  | 79.831   |
+------------------+--------+---------+----------+
| pottedplant      | 60.200 | 51.832  | 54.077   |
+------------------+--------+---------+----------+
| sheep            | 84.853 | 80.299  | 83.846   |
+------------------+--------+---------+----------+
| sofa             | 63.158 | 71.225  | 51.203   |
+------------------+--------+---------+----------+
| train            | 59.202 | 58.107  | 59.606   |
+------------------+--------+---------+----------+
| tvmonitor        | 54.670 | 56.622  | 53.540   |
+------------------+--------+---------+----------+
| m-Precision      | 80.491 | 80.860  | 77.909   |
+------------------+--------+---------+----------+
| m-Recall         | 86.777 | 83.227  | 84.145   |
+------------------+--------+---------+----------+
| m-ConfutionRatio | 0.304  | 0.298   | 0.350    |
+------------------+--------+---------+----------+
| m-IoU            | 71.483 | 69.641  | 68.273   |
+------------------+--------+---------+----------+
2025-03-04 12:15:17,408 - train_voc_loss.py - INFO: Iter: 14200; Elasped: 3:34:04; ETA: 1:27:26; LR: 1.970e-05; cls_loss: 0.0312, cls_loss_aux: 0.0338, ptc_loss: 0.0510, pcl_loss: 0.3265, lcl_loss: 0.0000, seg_loss: 0.1185...
2025-03-04 12:17:58,130 - train_voc_loss.py - INFO: Iter: 14400; Elasped: 3:36:45; ETA: 1:24:17; LR: 1.908e-05; cls_loss: 0.0385, cls_loss_aux: 0.0398, ptc_loss: 0.0513, pcl_loss: 0.3722, lcl_loss: 0.0000, seg_loss: 0.0916...
2025-03-04 12:20:40,259 - train_voc_loss.py - INFO: Iter: 14600; Elasped: 3:39:27; ETA: 1:21:09; LR: 1.847e-05; cls_loss: 0.0361, cls_loss_aux: 0.0371, ptc_loss: 0.0457, pcl_loss: 0.3295, lcl_loss: 0.0000, seg_loss: 0.0902...
2025-03-04 12:23:20,771 - train_voc_loss.py - INFO: Iter: 14800; Elasped: 3:42:07; ETA: 1:18:02; LR: 1.785e-05; cls_loss: 0.0389, cls_loss_aux: 0.0422, ptc_loss: 0.0436, pcl_loss: 0.3422, lcl_loss: 0.0000, seg_loss: 0.0994...
2025-03-04 12:26:02,174 - train_voc_loss.py - INFO: Iter: 15000; Elasped: 3:44:49; ETA: 1:14:56; LR: 1.723e-05; cls_loss: 0.0367, cls_loss_aux: 0.0379, ptc_loss: 0.0444, pcl_loss: 0.3304, lcl_loss: 0.0000, seg_loss: 0.1011...
2025-03-04 12:28:42,704 - train_voc_loss.py - INFO: Iter: 15200; Elasped: 3:47:29; ETA: 1:11:50; LR: 1.661e-05; cls_loss: 0.0352, cls_loss_aux: 0.0359, ptc_loss: 0.0505, pcl_loss: 0.3506, lcl_loss: 0.0000, seg_loss: 0.0929...
2025-03-04 12:31:23,150 - train_voc_loss.py - INFO: Iter: 15400; Elasped: 3:50:10; ETA: 1:08:45; LR: 1.599e-05; cls_loss: 0.0370, cls_loss_aux: 0.0397, ptc_loss: 0.0526, pcl_loss: 0.3325, lcl_loss: 0.0000, seg_loss: 0.0877...
2025-03-04 12:34:03,936 - train_voc_loss.py - INFO: Iter: 15600; Elasped: 3:52:50; ETA: 1:05:40; LR: 1.536e-05; cls_loss: 0.0371, cls_loss_aux: 0.0396, ptc_loss: 0.0449, pcl_loss: 0.3157, lcl_loss: 0.0000, seg_loss: 0.0845...
2025-03-04 12:36:44,696 - train_voc_loss.py - INFO: Iter: 15800; Elasped: 3:55:31; ETA: 1:02:36; LR: 1.473e-05; cls_loss: 0.0364, cls_loss_aux: 0.0407, ptc_loss: 0.0551, pcl_loss: 0.3574, lcl_loss: 0.0000, seg_loss: 0.0968...
2025-03-04 12:39:27,833 - train_voc_loss.py - INFO: Iter: 16000; Elasped: 3:58:14; ETA: 0:59:33; LR: 1.410e-05; cls_loss: 0.0325, cls_loss_aux: 0.0337, ptc_loss: 0.0467, pcl_loss: 0.3287, lcl_loss: 0.0000, seg_loss: 0.0906...
2025-03-04 12:39:27,833 - train_voc_loss.py - INFO: Validating...
2025-03-04 12:42:19,252 - train_voc_loss.py - INFO: val cls score: 0.919719
2025-03-04 12:42:19,252 - train_voc_loss.py - INFO: 
+------------------+--------+---------+----------+
|      Class       |  CAM   | aux_CAM | Seg_Pred |
+==================+========+=========+==========+
| _background_     | 90.683 | 90.124  | 90.603   |
+------------------+--------+---------+----------+
| aeroplane        | 70.384 | 76.212  | 75.559   |
+------------------+--------+---------+----------+
| bicycle          | 40.711 | 39.012  | 37.858   |
+------------------+--------+---------+----------+
| bird             | 82.339 | 82.336  | 81.253   |
+------------------+--------+---------+----------+
| boat             | 55.450 | 58.766  | 52.533   |
+------------------+--------+---------+----------+
| bottle           | 73.978 | 62.671  | 74.410   |
+------------------+--------+---------+----------+
| bus              | 87.982 | 82.471  | 86.134   |
+------------------+--------+---------+----------+
| car              | 80.416 | 68.236  | 77.778   |
+------------------+--------+---------+----------+
| cat              | 88.214 | 82.190  | 88.981   |
+------------------+--------+---------+----------+
| chair            | 51.201 | 45.971  | 36.634   |
+------------------+--------+---------+----------+
| cow              | 83.441 | 75.411  | 82.199   |
+------------------+--------+---------+----------+
| diningtable      | 43.119 | 57.673  | 44.629   |
+------------------+--------+---------+----------+
| dog              | 85.820 | 81.084  | 84.256   |
+------------------+--------+---------+----------+
| horse            | 83.267 | 78.875  | 81.152   |
+------------------+--------+---------+----------+
| motorbike        | 76.574 | 77.573  | 74.230   |
+------------------+--------+---------+----------+
| person           | 79.021 | 79.912  | 78.591   |
+------------------+--------+---------+----------+
| pottedplant      | 60.166 | 53.506  | 56.663   |
+------------------+--------+---------+----------+
| sheep            | 86.289 | 82.029  | 85.533   |
+------------------+--------+---------+----------+
| sofa             | 62.502 | 68.344  | 51.269   |
+------------------+--------+---------+----------+
| train            | 62.539 | 63.656  | 62.172   |
+------------------+--------+---------+----------+
| tvmonitor        | 56.699 | 61.277  | 52.950   |
+------------------+--------+---------+----------+
| m-Precision      | 81.719 | 81.345  | 79.366   |
+------------------+--------+---------+----------+
| m-Recall         | 85.370 | 82.963  | 84.084   |
+------------------+--------+---------+----------+
| m-ConfutionRatio | 0.274  | 0.279   | 0.322    |
+------------------+--------+---------+----------+
| m-IoU            | 71.466 | 69.873  | 69.304   |
+------------------+--------+---------+----------+
2025-03-04 12:45:00,205 - train_voc_loss.py - INFO: Iter: 16200; Elasped: 4:03:47; ETA: 0:57:11; LR: 1.346e-05; cls_loss: 0.0330, cls_loss_aux: 0.0331, ptc_loss: 0.0473, pcl_loss: 0.3616, lcl_loss: 0.0000, seg_loss: 0.1397...
2025-03-04 12:47:40,105 - train_voc_loss.py - INFO: Iter: 16400; Elasped: 4:06:27; ETA: 0:54:05; LR: 1.282e-05; cls_loss: 0.0303, cls_loss_aux: 0.0271, ptc_loss: 0.0528, pcl_loss: 0.3497, lcl_loss: 0.0000, seg_loss: 0.0820...
2025-03-04 12:50:21,028 - train_voc_loss.py - INFO: Iter: 16600; Elasped: 4:09:08; ETA: 0:51:01; LR: 1.218e-05; cls_loss: 0.0326, cls_loss_aux: 0.0302, ptc_loss: 0.0516, pcl_loss: 0.3195, lcl_loss: 0.0000, seg_loss: 0.0772...
2025-03-04 12:53:00,904 - train_voc_loss.py - INFO: Iter: 16800; Elasped: 4:11:47; ETA: 0:47:57; LR: 1.153e-05; cls_loss: 0.0330, cls_loss_aux: 0.0302, ptc_loss: 0.0554, pcl_loss: 0.3250, lcl_loss: 0.0000, seg_loss: 0.0820...
2025-03-04 12:55:41,661 - train_voc_loss.py - INFO: Iter: 17000; Elasped: 4:14:28; ETA: 0:44:54; LR: 1.088e-05; cls_loss: 0.0322, cls_loss_aux: 0.0299, ptc_loss: 0.0472, pcl_loss: 0.3284, lcl_loss: 0.0000, seg_loss: 0.0808...
2025-03-04 12:58:22,855 - train_voc_loss.py - INFO: Iter: 17200; Elasped: 4:17:09; ETA: 0:41:51; LR: 1.023e-05; cls_loss: 0.0327, cls_loss_aux: 0.0313, ptc_loss: 0.0475, pcl_loss: 0.3229, lcl_loss: 0.0000, seg_loss: 0.0746...
2025-03-04 13:01:04,199 - train_voc_loss.py - INFO: Iter: 17400; Elasped: 4:19:51; ETA: 0:38:49; LR: 9.569e-06; cls_loss: 0.0347, cls_loss_aux: 0.0324, ptc_loss: 0.0491, pcl_loss: 0.3647, lcl_loss: 0.0000, seg_loss: 0.0817...
2025-03-04 13:03:45,286 - train_voc_loss.py - INFO: Iter: 17600; Elasped: 4:22:32; ETA: 0:35:48; LR: 8.904e-06; cls_loss: 0.0279, cls_loss_aux: 0.0271, ptc_loss: 0.0452, pcl_loss: 0.3139, lcl_loss: 0.0000, seg_loss: 0.0797...
2025-03-04 13:06:26,376 - train_voc_loss.py - INFO: Iter: 17800; Elasped: 4:25:13; ETA: 0:32:46; LR: 8.233e-06; cls_loss: 0.0312, cls_loss_aux: 0.0284, ptc_loss: 0.0445, pcl_loss: 0.2932, lcl_loss: 0.0000, seg_loss: 0.0706...
2025-03-04 13:09:07,393 - train_voc_loss.py - INFO: Iter: 18000; Elasped: 4:27:54; ETA: 0:29:46; LR: 7.557e-06; cls_loss: 0.0293, cls_loss_aux: 0.0239, ptc_loss: 0.0518, pcl_loss: 0.3172, lcl_loss: 0.0000, seg_loss: 0.0746...
2025-03-04 13:09:07,393 - train_voc_loss.py - INFO: Validating...
2025-03-04 13:11:58,061 - train_voc_loss.py - INFO: val cls score: 0.921760
2025-03-04 13:11:58,062 - train_voc_loss.py - INFO: 
+------------------+--------+---------+----------+
|      Class       |  CAM   | aux_CAM | Seg_Pred |
+==================+========+=========+==========+
| _background_     | 91.006 | 89.848  | 91.150   |
+------------------+--------+---------+----------+
| aeroplane        | 73.001 | 76.929  | 77.009   |
+------------------+--------+---------+----------+
| bicycle          | 41.106 | 39.290  | 37.700   |
+------------------+--------+---------+----------+
| bird             | 86.066 | 82.575  | 86.308   |
+------------------+--------+---------+----------+
| boat             | 64.146 | 62.113  | 67.843   |
+------------------+--------+---------+----------+
| bottle           | 74.113 | 63.121  | 73.780   |
+------------------+--------+---------+----------+
| bus              | 86.653 | 81.534  | 85.624   |
+------------------+--------+---------+----------+
| car              | 77.858 | 68.621  | 76.149   |
+------------------+--------+---------+----------+
| cat              | 85.247 | 78.024  | 87.504   |
+------------------+--------+---------+----------+
| chair            | 48.592 | 43.763  | 33.265   |
+------------------+--------+---------+----------+
| cow              | 82.625 | 76.713  | 83.090   |
+------------------+--------+---------+----------+
| diningtable      | 49.182 | 58.516  | 47.876   |
+------------------+--------+---------+----------+
| dog              | 85.309 | 80.231  | 84.471   |
+------------------+--------+---------+----------+
| horse            | 83.710 | 77.989  | 81.406   |
+------------------+--------+---------+----------+
| motorbike        | 76.417 | 76.582  | 73.895   |
+------------------+--------+---------+----------+
| person           | 79.012 | 77.760  | 78.671   |
+------------------+--------+---------+----------+
| pottedplant      | 54.529 | 47.147  | 53.539   |
+------------------+--------+---------+----------+
| sheep            | 86.875 | 79.681  | 86.227   |
+------------------+--------+---------+----------+
| sofa             | 65.780 | 69.773  | 54.081   |
+------------------+--------+---------+----------+
| train            | 60.819 | 62.005  | 60.247   |
+------------------+--------+---------+----------+
| tvmonitor        | 58.492 | 59.168  | 56.380   |
+------------------+--------+---------+----------+
| m-Precision      | 83.694 | 81.957  | 81.956   |
+------------------+--------+---------+----------+
| m-Recall         | 83.657 | 81.289  | 82.289   |
+------------------+--------+---------+----------+
| m-ConfutionRatio | 0.238  | 0.273   | 0.270    |
+------------------+--------+---------+----------+
| m-IoU            | 71.930 | 69.113  | 70.296   |
+------------------+--------+---------+----------+
2025-03-04 13:14:39,200 - train_voc_loss.py - INFO: Iter: 18200; Elasped: 4:33:26; ETA: 0:27:02; LR: 6.874e-06; cls_loss: 0.0298, cls_loss_aux: 0.0251, ptc_loss: 0.0442, pcl_loss: 0.3082, lcl_loss: 0.0000, seg_loss: 0.0758...
2025-03-04 13:17:19,129 - train_voc_loss.py - INFO: Iter: 18400; Elasped: 4:36:06; ETA: 0:24:00; LR: 6.183e-06; cls_loss: 0.0310, cls_loss_aux: 0.0289, ptc_loss: 0.0490, pcl_loss: 0.2900, lcl_loss: 0.0000, seg_loss: 0.0777...
2025-03-04 13:20:02,235 - train_voc_loss.py - INFO: Iter: 18600; Elasped: 4:38:49; ETA: 0:20:59; LR: 5.483e-06; cls_loss: 0.0310, cls_loss_aux: 0.0274, ptc_loss: 0.0523, pcl_loss: 0.3430, lcl_loss: 0.0000, seg_loss: 0.0847...
2025-03-04 13:22:43,000 - train_voc_loss.py - INFO: Iter: 18800; Elasped: 4:41:29; ETA: 0:17:58; LR: 4.773e-06; cls_loss: 0.0320, cls_loss_aux: 0.0253, ptc_loss: 0.0396, pcl_loss: 0.3089, lcl_loss: 0.0000, seg_loss: 0.0811...
2025-03-04 13:25:23,947 - train_voc_loss.py - INFO: Iter: 19000; Elasped: 4:44:10; ETA: 0:14:57; LR: 4.051e-06; cls_loss: 0.0299, cls_loss_aux: 0.0249, ptc_loss: 0.0380, pcl_loss: 0.3427, lcl_loss: 0.0000, seg_loss: 0.0723...
2025-03-04 13:28:05,051 - train_voc_loss.py - INFO: Iter: 19200; Elasped: 4:46:52; ETA: 0:11:57; LR: 3.315e-06; cls_loss: 0.0280, cls_loss_aux: 0.0229, ptc_loss: 0.0631, pcl_loss: 0.3331, lcl_loss: 0.0000, seg_loss: 0.0725...
2025-03-04 13:30:45,564 - train_voc_loss.py - INFO: Iter: 19400; Elasped: 4:49:32; ETA: 0:08:57; LR: 2.560e-06; cls_loss: 0.0293, cls_loss_aux: 0.0239, ptc_loss: 0.0406, pcl_loss: 0.2899, lcl_loss: 0.0000, seg_loss: 0.0815...
2025-03-04 13:33:26,113 - train_voc_loss.py - INFO: Iter: 19600; Elasped: 4:52:13; ETA: 0:05:57; LR: 1.779e-06; cls_loss: 0.0282, cls_loss_aux: 0.0229, ptc_loss: 0.0455, pcl_loss: 0.3023, lcl_loss: 0.0000, seg_loss: 0.0671...
2025-03-04 13:36:06,641 - train_voc_loss.py - INFO: Iter: 19800; Elasped: 4:54:53; ETA: 0:02:58; LR: 9.552e-07; cls_loss: 0.0261, cls_loss_aux: 0.0211, ptc_loss: 0.0506, pcl_loss: 0.3297, lcl_loss: 0.0000, seg_loss: 0.0690...
2025-03-04 13:38:47,785 - train_voc_loss.py - INFO: Iter: 20000; Elasped: 4:57:34; ETA: 0:00:00; LR: 8.077e-09; cls_loss: 0.0265, cls_loss_aux: 0.0212, ptc_loss: 0.0508, pcl_loss: 0.3067, lcl_loss: 0.0000, seg_loss: 0.0699...
2025-03-04 13:38:47,785 - train_voc_loss.py - INFO: Validating...
2025-03-04 13:41:39,914 - train_voc_loss.py - INFO: val cls score: 0.926581
2025-03-04 13:41:39,914 - train_voc_loss.py - INFO: 
+------------------+--------+---------+----------+
|      Class       |  CAM   | aux_CAM | Seg_Pred |
+==================+========+=========+==========+
| _background_     | 90.739 | 89.951  | 91.723   |
+------------------+--------+---------+----------+
| aeroplane        | 71.661 | 77.321  | 77.439   |
+------------------+--------+---------+----------+
| bicycle          | 40.586 | 39.145  | 38.341   |
+------------------+--------+---------+----------+
| bird             | 84.211 | 83.217  | 88.851   |
+------------------+--------+---------+----------+
| boat             | 58.616 | 60.812  | 59.022   |
+------------------+--------+---------+----------+
| bottle           | 75.425 | 65.491  | 75.292   |
+------------------+--------+---------+----------+
| bus              | 87.250 | 82.396  | 84.262   |
+------------------+--------+---------+----------+
| car              | 78.030 | 67.689  | 78.215   |
+------------------+--------+---------+----------+
| cat              | 86.420 | 78.950  | 86.698   |
+------------------+--------+---------+----------+
| chair            | 49.343 | 43.866  | 38.596   |
+------------------+--------+---------+----------+
| cow              | 83.872 | 77.579  | 85.095   |
+------------------+--------+---------+----------+
| diningtable      | 51.996 | 58.147  | 48.939   |
+------------------+--------+---------+----------+
| dog              | 86.280 | 80.643  | 82.486   |
+------------------+--------+---------+----------+
| horse            | 83.348 | 77.342  | 83.126   |
+------------------+--------+---------+----------+
| motorbike        | 75.876 | 77.100  | 74.003   |
+------------------+--------+---------+----------+
| person           | 78.266 | 79.473  | 81.311   |
+------------------+--------+---------+----------+
| pottedplant      | 58.489 | 48.396  | 68.025   |
+------------------+--------+---------+----------+
| sheep            | 87.335 | 80.744  | 88.772   |
+------------------+--------+---------+----------+
| sofa             | 63.060 | 68.884  | 54.441   |
+------------------+--------+---------+----------+
| train            | 60.896 | 61.618  | 62.232   |
+------------------+--------+---------+----------+
| tvmonitor        | 57.426 | 60.897  | 62.823   |
+------------------+--------+---------+----------+
| m-Precision      | 82.321 | 81.808  | 81.890   |
+------------------+--------+---------+----------+
| m-Recall         | 85.171 | 81.989  | 85.041   |
+------------------+--------+---------+----------+
| m-ConfutionRatio | 0.264  | 0.277   | 0.288    |
+------------------+--------+---------+----------+
| m-IoU            | 71.863 | 69.508  | 71.785   |
+------------------+--------+---------+----------+
